<?xml version="1.0" encoding="UTF-8"?>
<!-- Generated by org.testng.reporters.JUnitReportReporter -->
<testsuite hostname="Dhanraj" failures="0" tests="1" name="testPackage.TaskTestCase" time="11.180" errors="0" timestamp="2023-08-01T15:53:39 EDT" skipped="0">
  <testcase classname="testPackage.TaskTestCase" name="project_customerMethod" time="11.180"/>
</testsuite> <!-- testPackage.TaskTestCase -->
