<?xml version="1.0" encoding="UTF-8"?>
<!-- Generated by org.testng.reporters.JUnitReportReporter -->
<testsuite hostname="Dhanraj" failures="0" tests="2" name="testPackage.LoginTestCase" time="28.661" errors="0" timestamp="2023-08-01T15:53:39 EDT" skipped="0">
  <testcase classname="testPackage.LoginTestCase" name="validloginMethod" time="12.948"/>
  <testcase classname="testPackage.LoginTestCase" name="inValidLoginMethod" time="15.713"/>
</testsuite> <!-- testPackage.LoginTestCase -->
