<?xml version="1.0" encoding="UTF-8"?>
<!-- Generated by org.testng.reporters.JUnitReportReporter -->
<testsuite hostname="Dhanraj" failures="0" tests="1" name="testPackage.UserTestCase" time="15.330" errors="0" timestamp="2023-08-01T15:53:39 EDT" skipped="0">
  <testcase classname="testPackage.UserTestCase" name="createUserMethod" time="15.330"/>
</testsuite> <!-- testPackage.UserTestCase -->
