<?xml version="1.0" encoding="UTF-8"?>
<!-- Generated by org.testng.reporters.JUnitReportReporter -->
<testsuite hostname="Dhanraj" failures="0" tests="2" name="testNGExecution.Flag1" time="0.025" errors="0" timestamp="2023-07-20T15:15:28 EDT" skipped="0">
  <testcase classname="testNGExecution.Flag1" name="method1" time="0.021">
    <system-out>
      <![CDATA[method1 from flag1]]>
    </system-out>
  </testcase> <!-- method1 -->
  <testcase classname="testNGExecution.Flag1" name="method2" time="0.004">
    <system-out>
      <![CDATA[method2 from flag1]]>
    </system-out>
  </testcase> <!-- method2 -->
  <system-out>
    <![CDATA[method1 from flag1
method2 from flag1]]>
  </system-out>
</testsuite> <!-- testNGExecution.Flag1 -->
