<?xml version="1.0" encoding="UTF-8"?>
<!-- Generated by org.testng.reporters.JUnitReportReporter -->
<testsuite hostname="Dhanraj" failures="0" tests="3" name="testNGExecution.Falg5" time="0.024" errors="0" timestamp="2023-07-22T15:07:37 EDT" skipped="0">
  <testcase classname="testNGExecution.Falg5" name="loginMethod" time="0.016"/>
  <testcase classname="testNGExecution.Falg5" name="logoutMethod" time="0.004"/>
  <testcase classname="testNGExecution.Falg5" name="createUserMethod" time="0.004"/>
</testsuite> <!-- testNGExecution.Falg5 -->
