<?xml version="1.0" encoding="UTF-8"?>
<!-- Generated by org.testng.reporters.JUnitReportReporter -->
<testsuite hostname="Dhanraj" failures="0" tests="8" name="testNGExecution.Flag4" time="0.091" errors="0" timestamp="2023-07-22T14:49:21 EDT" skipped="0">
  <testcase classname="testNGExecution.Flag4" name="e" time="0.020"/>
  <testcase classname="testNGExecution.Flag4" name="d" time="0.024"/>
  <testcase classname="testNGExecution.Flag4" name="i" time="0.006"/>
  <testcase classname="testNGExecution.Flag4" name="f" time="0.008"/>
  <testcase classname="testNGExecution.Flag4" name="k" time="0.007"/>
  <testcase classname="testNGExecution.Flag4" name="p" time="0.008"/>
  <testcase classname="testNGExecution.Flag4" name="m" time="0.009"/>
  <testcase classname="testNGExecution.Flag4" name="z" time="0.009"/>
</testsuite> <!-- testNGExecution.Flag4 -->
