<?xml version="1.0" encoding="UTF-8"?>
<!-- Generated by org.testng.reporters.JUnitReportReporter -->
<testsuite hostname="Dhanraj" failures="0" tests="3" name="testNGExecution.GoogleSearch" time="31.586" errors="0" timestamp="2023-07-20T15:11:48 EDT" skipped="0">
  <testcase classname="testNGExecution.GoogleSearch" name="search1" time="10.105"/>
  <testcase classname="testNGExecution.GoogleSearch" name="search2" time="10.132"/>
  <testcase classname="testNGExecution.GoogleSearch" name="search3" time="11.349"/>
</testsuite> <!-- testNGExecution.GoogleSearch -->
