<?xml version="1.0" encoding="UTF-8"?>
<!-- Generated by org.testng.reporters.JUnitReportReporter -->
<testsuite hostname="Dhanraj" failures="0" tests="5" name="testNGExecution.actiTimeDataProvider" time="35.752" errors="0" timestamp="2023-07-26T15:17:22 EDT" skipped="0">
  <testcase classname="testNGExecution.actiTimeDataProvider" name="invalidLoginMethod" time="7.027"/>
  <testcase classname="testNGExecution.actiTimeDataProvider" name="invalidLoginMethod" time="6.617"/>
  <testcase classname="testNGExecution.actiTimeDataProvider" name="invalidLoginMethod" time="6.048"/>
  <testcase classname="testNGExecution.actiTimeDataProvider" name="invalidLoginMethod" time="6.007"/>
  <testcase classname="testNGExecution.actiTimeDataProvider" name="invalidLoginMethod" time="10.053"/>
</testsuite> <!-- testNGExecution.actiTimeDataProvider -->
