<?xml version="1.0" encoding="UTF-8"?>
<!-- Generated by org.testng.reporters.JUnitReportReporter -->
<testsuite hostname="Dhanraj" failures="0" tests="2" name="testNGExecution.TestMethod2" time="0.078" errors="0" timestamp="2023-07-18T15:21:38 EDT" skipped="0">
  <testcase classname="testNGExecution.TestMethod2" name="testMethod4" time="0.047">
    <system-out>
      <![CDATA[thread id of testMethod2:21]]>
    </system-out>
  </testcase> <!-- testMethod4 -->
  <testcase classname="testNGExecution.TestMethod2" name="testMethod3" time="0.031">
    <system-out>
      <![CDATA[thread id of testMethod3:23]]>
    </system-out>
  </testcase> <!-- testMethod3 -->
  <system-out>
    <![CDATA[thread id of testMethod3:23
thread id of testMethod2:20
thread id of testMethod1:19
thread id of testMethod5:21
thread id of testMethod6:22
thread id of testMethod2:21]]>
  </system-out>
</testsuite> <!-- testNGExecution.TestMethod2 -->
