<?xml version="1.0" encoding="UTF-8"?>
<!-- Generated by org.testng.reporters.JUnitReportReporter -->
<testsuite hostname="Dhanraj" failures="0" tests="1" name="testNG.Sumo" time="56.275" errors="0" timestamp="2023-07-19T14:53:18 EDT" skipped="0">
  <testcase classname="testNG.Sumo" name="method3" time="56.275">
    <system-out>
      <![CDATA[This is sumo class]]>
    </system-out>
  </testcase> <!-- method3 -->
  <system-out>
    <![CDATA[This is method1 class
This is method5 class
This is method3 class
This is method6 class
This is method2 class
This is method4 class
This is demo class
This is remo class
This is sumo class
This is class2 class]]>
  </system-out>
</testsuite> <!-- testNG.Sumo -->
