<?xml version="1.0" encoding="UTF-8"?>
<!-- Generated by org.testng.reporters.JUnitReportReporter -->
<testsuite hostname="Dhanraj" failures="0" tests="2" name="testNGExecution.Flag2" time="0.023" errors="0" timestamp="2023-07-20T15:26:03 EDT" skipped="0">
  <testcase classname="testNGExecution.Flag2" name="method1" time="0.019">
    <system-out>
      <![CDATA[method1 from flag2]]>
    </system-out>
  </testcase> <!-- method1 -->
  <testcase classname="testNGExecution.Flag2" name="method2" time="0.004">
    <system-out>
      <![CDATA[method2 from flag2]]>
    </system-out>
  </testcase> <!-- method2 -->
  <system-out>
    <![CDATA[method1 from flag2
method2 from flag2]]>
  </system-out>
</testsuite> <!-- testNGExecution.Flag2 -->
