<?xml version="1.0" encoding="UTF-8"?>
<!-- Generated by org.testng.reporters.JUnitReportReporter -->
<testsuite hostname="Dhanraj" failures="0" tests="1" name="testNG.AssertionInTestNG" time="13.393" errors="0" timestamp="2023-07-24T19:00:07 EDT" skipped="0">
  <testcase classname="testNG.AssertionInTestNG" name="verificationMethod" time="13.393"/>
</testsuite> <!-- testNG.AssertionInTestNG -->
