<?xml version="1.0" encoding="UTF-8"?>
<!-- Generated by org.testng.reporters.JUnitReportReporter -->
<testsuite hostname="Dhanraj" failures="0" tests="6" name="testNGExecution.Flag6" time="0.067" errors="0" timestamp="2023-07-22T15:42:46 EDT" skipped="0">
  <testcase classname="testNGExecution.Flag6" name="st3" time="0.011">
    <system-out>
      <![CDATA[STC3]]>
    </system-out>
  </testcase> <!-- st3 -->
  <testcase classname="testNGExecution.Flag6" name="st5" time="0.015">
    <system-out>
      <![CDATA[STC5]]>
    </system-out>
  </testcase> <!-- st5 -->
  <testcase classname="testNGExecution.Flag6" name="st1" time="0.019">
    <system-out>
      <![CDATA[STC1]]>
    </system-out>
  </testcase> <!-- st1 -->
  <testcase classname="testNGExecution.Flag6" name="st6" time="0.004">
    <system-out>
      <![CDATA[STC6]]>
    </system-out>
  </testcase> <!-- st6 -->
  <testcase classname="testNGExecution.Flag6" name="st4" time="0.013">
    <system-out>
      <![CDATA[STC4]]>
    </system-out>
  </testcase> <!-- st4 -->
  <testcase classname="testNGExecution.Flag6" name="st2" time="0.005">
    <system-out>
      <![CDATA[STC2]]>
    </system-out>
  </testcase> <!-- st2 -->
  <system-out>
    <![CDATA[STC1
STC2
STC3
STC4
STC5
STC6]]>
  </system-out>
</testsuite> <!-- testNGExecution.Flag6 -->
