<?xml version="1.0" encoding="UTF-8"?>
<!-- Generated by org.testng.reporters.JUnitReportReporter -->
<testsuite hostname="Dhanraj" failures="0" tests="2" name="testPackage.LoginTestCase" time="23.073" errors="0" timestamp="2023-08-03T16:06:01 EDT" skipped="0">
  <testcase classname="testPackage.LoginTestCase" name="validloginMethod" time="5.601"/>
  <testcase classname="testPackage.LoginTestCase" name="inValidLoginMethod" time="17.472"/>
</testsuite> <!-- testPackage.LoginTestCase -->
